#
# There is insufficient memory for the Java Runtime Environment to continue.
# Native memory allocation (malloc) failed to allocate 924912 bytes for Chunk::new
# Possible reasons:
#   The system is out of physical RAM or swap space
#   In 32 bit mode, the process size limit was hit
# Possible solutions:
#   Reduce memory load on the system
#   Increase physical memory or swap space
#   Check if swap backing store is full
#   Use 64 bit Java on a 64 bit OS
#   Decrease Java heap size (-Xmx/-Xms)
#   Decrease number of Java threads
#   Decrease Java thread stack sizes (-Xss)
#   Set larger code cache with -XX:ReservedCodeCacheSize=
# This output file may be truncated or incomplete.
#
#  Out of Memory Error (allocation.cpp:390), pid=1164, tid=0x0000000000000f8c
#
# JRE version: OpenJDK Runtime Environment (8.0_152-b02) (build 1.8.0_152-release-1024-b02)
# Java VM: OpenJDK 64-Bit Server VM (25.152-b02 mixed mode windows-amd64 compressed oops)
# Failed to write core dump. Minidumps are not enabled by default on client versions of Windows
#

---------------  T H R E A D  ---------------

Current thread (0x00000000150d7000):  JavaThread "C2 CompilerThread0" daemon [_thread_in_native, id=3980, stack(0x0000000016700000,0x0000000016800000)]

Stack: [0x0000000016700000,0x0000000016800000]
[error occurred during error reporting (printing stack bounds), id 0xc0000005]

Native frames: (J=compiled Java code, j=interpreted, Vv=VM code, C=native code)


Current CompileTask:
C2:  66128 10664       4       org.gradle.api.internal.file.pattern.PatternMatcherFactory::compile (91 bytes)


---------------  P R O C E S S  ---------------

Java Threads: ( => current thread )
  0x000000001adbc800 JavaThread "Task worker for ':' Thread 3" [_thread_blocked, id=3792, stack(0x00000000229b0000,0x0000000022ab0000)]
  0x000000001adbc000 JavaThread "Task worker for ':' Thread 2" [_thread_blocked, id=1088, stack(0x00000000228b0000,0x00000000229b0000)]
  0x000000001adbe000 JavaThread "Task worker for ':'" [_thread_blocked, id=1292, stack(0x00000000227b0000,0x00000000228b0000)]
  0x000000001adb8000 JavaThread "Cache worker for Build Output Cleanup Cache (C:\Users\laptop home\AndroidStudioProjects\MyApplication\.gradle\buildOutputCleanup)" [_thread_blocked, id=3912, stack(0x00000000224b0000,0x00000000225b0000)]
  0x000000001adbb000 JavaThread "Cache worker for task history cache (C:\Users\laptop home\AndroidStudioProjects\MyApplication\.gradle\4.4\taskHistory)" [_thread_blocked, id=2804, stack(0x00000000223b0000,0x00000000224b0000)]
  0x000000001adb7800 JavaThread "Cache worker for file content cache (C:\Users\laptop home\AndroidStudioProjects\MyApplication\.gradle\4.4\fileContent)" [_thread_blocked, id=96, stack(0x00000000222b0000,0x00000000223b0000)]
  0x000000001adb9800 JavaThread "build operations Thread 4" [_thread_blocked, id=2192, stack(0x000000001fbd0000,0x000000001fcd0000)]
  0x000000001adb9000 JavaThread "build operations Thread 3" [_thread_blocked, id=4328, stack(0x000000001f4b0000,0x000000001f5b0000)]
  0x000000001adb2000 JavaThread "build operations Thread 2" [_thread_in_native, id=1680, stack(0x000000001f1b0000,0x000000001f2b0000)]
  0x000000001adb1800 JavaThread "build operations" [_thread_blocked, id=5016, stack(0x000000001f0b0000,0x000000001f1b0000)]
  0x000000001adb4800 JavaThread "Cache worker for Artifact transforms cache (C:\Users\laptop home\.gradle\caches\transforms-1)" [_thread_blocked, id=3884, stack(0x000000001efb0000,0x000000001f0b0000)]
  0x000000001adb0800 JavaThread "Cache worker for file hash cache (C:\Users\laptop home\AndroidStudioProjects\MyApplication\.gradle\4.4\fileHashes)" [_thread_blocked, id=4880, stack(0x000000001d4f0000,0x000000001d5f0000)]
  0x000000001b900800 JavaThread "Stdin handler" [_thread_blocked, id=4384, stack(0x000000001d3f0000,0x000000001d4f0000)]
  0x000000001b901000 JavaThread "Asynchronous log dispatcher for DefaultDaemonConnection: socket connection from /127.0.0.1:49984 to /127.0.0.1:50025" [_thread_blocked, id=4896, stack(0x000000001ab70000,0x000000001ac70000)]
  0x000000001b8ff800 JavaThread "Cancel handler" [_thread_blocked, id=3048, stack(0x00000000196a0000,0x00000000197a0000)]
  0x000000001b902800 JavaThread "Handler for socket connection from /127.0.0.1:49984 to /127.0.0.1:50025" [_thread_in_native, id=5080, stack(0x00000000195a0000,0x00000000196a0000)]
  0x000000001adb0000 JavaThread "Memory manager" [_thread_blocked, id=2368, stack(0x000000001d2f0000,0x000000001d3f0000)]
  0x0000000018343800 JavaThread "File lock request listener" [_thread_in_native, id=1188, stack(0x0000000019aa0000,0x0000000019ba0000)]
  0x0000000017fac800 JavaThread "Cache worker for file hash cache (C:\Users\laptop home\.gradle\caches\4.4\fileHashes)" [_thread_blocked, id=4144, stack(0x00000000199a0000,0x0000000019aa0000)]
  0x000000001824c800 JavaThread "Daemon worker" [_thread_blocked, id=1856, stack(0x00000000194a0000,0x00000000195a0000)]
  0x0000000017c0d800 JavaThread "Daemon" [_thread_blocked, id=4140, stack(0x0000000018fa0000,0x00000000190a0000)]
  0x0000000017d69800 JavaThread "Daemon periodic checks" [_thread_blocked, id=2064, stack(0x0000000018ea0000,0x0000000018fa0000)]
  0x0000000017f87000 JavaThread "Incoming local TCP Connector on port 49984" [_thread_in_native, id=4180, stack(0x0000000018cb0000,0x0000000018db0000)]
  0x000000001512e800 JavaThread "Service Thread" daemon [_thread_blocked, id=3064, stack(0x0000000016e00000,0x0000000016f00000)]
  0x00000000150de800 JavaThread "C1 CompilerThread2" daemon [_thread_blocked, id=1564, stack(0x0000000016900000,0x0000000016a00000)]
  0x00000000150db000 JavaThread "C2 CompilerThread1" daemon [_thread_in_native, id=4132, stack(0x0000000016800000,0x0000000016900000)]
=>0x00000000150d7000 JavaThread "C2 CompilerThread0" daemon [_thread_in_native, id=3980, stack(0x0000000016700000,0x0000000016800000)]
  0x00000000150d5800 JavaThread "Attach Listener" daemon [_thread_blocked, id=4432, stack(0x0000000016600000,0x0000000016700000)]
  0x0000000015123800 JavaThread "Signal Dispatcher" daemon [_thread_blocked, id=672, stack(0x0000000016500000,0x0000000016600000)]
  0x00000000029fe000 JavaThread "Finalizer" daemon [_thread_blocked, id=4848, stack(0x0000000016320000,0x0000000016420000)]
  0x00000000029f1800 JavaThread "Reference Handler" daemon [_thread_blocked, id=784, stack(0x0000000016220000,0x0000000016320000)]
  0x0000000002903000 JavaThread "main" [_thread_blocked, id=2448, stack(0x0000000002790000,0x0000000002890000)]

Other Threads:
  0x0000000015095800 VMThread [stack: 0x0000000016120000,0x0000000016220000] [id=3672]
  0x0000000016a73000 WatcherThread [stack: 0x0000000016f00000,0x0000000017000000] [id=3688]

VM state:not at safepoint (normal execution)

VM Mutex/Monitor currently owned by a thread: None

Heap:
 PSYoungGen      total 240128K, used 29504K [0x00000000eab00000, 0x00000000fb000000, 0x0000000100000000)
  eden space 223232K, 7% used [0x00000000eab00000,0x00000000ebb342c8,0x00000000f8500000)
  from space 16896K, 76% used [0x00000000f9f80000,0x00000000fac1bf28,0x00000000fb000000)
  to   space 22016K, 0% used [0x00000000f8500000,0x00000000f8500000,0x00000000f9a80000)
 ParOldGen       total 106496K, used 48220K [0x00000000c0000000, 0x00000000c6800000, 0x00000000eab00000)
  object space 106496K, 45% used [0x00000000c0000000,0x00000000c2f173d0,0x00000000c6800000)
 Metaspace       used 65031K, capacity 67770K, committed 68096K, reserved 1107968K
  class space    used 8696K, capacity 9362K, committed 9472K, reserved 1048576K

Card table byte_map: [0x0000000011dc0000,0x0000000011fd0000] byte_map_base: 0x00000000117c0000

Marking Bits: (ParMarkBitMap*) 0x0000000053c64970
 Begin Bits: [0x0000000012530000, 0x0000000013530000)
 End Bits:   [0x0000000013530000, 0x0000000014530000)

Polling page: 0x0000000000ff0000

CodeCache: size=245760Kb used=30414Kb max_used=30414Kb free=215345Kb
 bounds [0x0000000002a00000, 0x00000000047e0000, 0x0000000011a00000]
 total_blobs=9756 nmethods=8973 adapters=695
 compilation: enabled

Compilation events (10 events):
Event: 65.987 Thread 0x00000000150de800 10671       3       org.gradle.api.internal.changedetection.rules.AbstractNamedFileSnapshotTaskStateChanges::getPrevious (20 bytes)
Event: 65.987 Thread 0x00000000150de800 nmethod 10671 0x00000000047d5750 code [0x00000000047d58c0, 0x00000000047d5b48]
Event: 65.988 Thread 0x00000000150de800 10672   !   3       com.google.common.collect.Synchronized$SynchronizedMultimap::put (28 bytes)
Event: 65.988 Thread 0x00000000150de800 nmethod 10672 0x00000000047d5bd0 code [0x00000000047d5d60, 0x00000000047d61d8]
Event: 65.993 Thread 0x00000000150de800 10674       3       org.gradle.api.internal.changedetection.state.AbstractScalarValueSnapshot::hashCode (8 bytes)
Event: 65.993 Thread 0x00000000150de800 nmethod 10674 0x00000000047d6390 code [0x00000000047d6500, 0x00000000047d6728]
Event: 65.998 Thread 0x00000000150de800 10675       3       org.gradle.internal.serialize.BaseSerializerFactory$FileSerializer::read (6 bytes)
Event: 65.999 Thread 0x00000000150de800 nmethod 10675 0x00000000047d67d0 code [0x00000000047d6960, 0x00000000047d6c78]
Event: 65.999 Thread 0x00000000150de800 10676       3       org.gradle.internal.serialize.BaseSerializerFactory$FileSerializer::read (14 bytes)
Event: 65.999 Thread 0x00000000150de800 nmethod 10676 0x00000000047d6dd0 code [0x00000000047d6f40, 0x00000000047d71f8]

GC Heap History (10 events):
Event: 21.322 GC heap before
{Heap before GC invocations=15 (full 2):
 PSYoungGen      total 166400K, used 166369K [0x00000000eab00000, 0x00000000f6080000, 0x0000000100000000)
  eden space 152064K, 100% used [0x00000000eab00000,0x00000000f3f80000,0x00000000f3f80000)
  from space 14336K, 99% used [0x00000000f5000000,0x00000000f5df8788,0x00000000f5e00000)
  to   space 16896K, 0% used [0x00000000f3f80000,0x00000000f3f80000,0x00000000f5000000)
 ParOldGen       total 57856K, used 18341K [0x00000000c0000000, 0x00000000c3880000, 0x00000000eab00000)
  object space 57856K, 31% used [0x00000000c0000000,0x00000000c11e9510,0x00000000c3880000)
 Metaspace       used 54690K, capacity 56460K, committed 56704K, reserved 1097728K
  class space    used 7582K, capacity 8036K, committed 8064K, reserved 1048576K
Event: 21.390 GC heap after
Heap after GC invocations=15 (full 2):
 PSYoungGen      total 168960K, used 13356K [0x00000000eab00000, 0x00000000f8b80000, 0x0000000100000000)
  eden space 152064K, 0% used [0x00000000eab00000,0x00000000eab00000,0x00000000f3f80000)
  from space 16896K, 79% used [0x00000000f3f80000,0x00000000f4c8b0c0,0x00000000f5000000)
  to   space 17920K, 0% used [0x00000000f7a00000,0x00000000f7a00000,0x00000000f8b80000)
 ParOldGen       total 57856K, used 28979K [0x00000000c0000000, 0x00000000c3880000, 0x00000000eab00000)
  object space 57856K, 50% used [0x00000000c0000000,0x00000000c1c4cee8,0x00000000c3880000)
 Metaspace       used 54690K, capacity 56460K, committed 56704K, reserved 1097728K
  class space    used 7582K, capacity 8036K, committed 8064K, reserved 1048576K
}
Event: 25.810 GC heap before
{Heap before GC invocations=16 (full 2):
 PSYoungGen      total 168960K, used 152542K [0x00000000eab00000, 0x00000000f8b80000, 0x0000000100000000)
  eden space 152064K, 91% used [0x00000000eab00000,0x00000000f32ec848,0x00000000f3f80000)
  from space 16896K, 79% used [0x00000000f3f80000,0x00000000f4c8b0c0,0x00000000f5000000)
  to   space 17920K, 0% used [0x00000000f7a00000,0x00000000f7a00000,0x00000000f8b80000)
 ParOldGen       total 57856K, used 28979K [0x00000000c0000000, 0x00000000c3880000, 0x00000000eab00000)
  object space 57856K, 50% used [0x00000000c0000000,0x00000000c1c4cee8,0x00000000c3880000)
 Metaspace       used 56882K, capacity 58946K, committed 59028K, reserved 1099776K
  class space    used 7869K, capacity 8416K, committed 8448K, reserved 1048576K
Event: 25.879 GC heap after
Heap after GC invocations=16 (full 2):
 PSYoungGen      total 207360K, used 17888K [0x00000000eab00000, 0x00000000f9480000, 0x0000000100000000)
  eden space 189440K, 0% used [0x00000000eab00000,0x00000000eab00000,0x00000000f6400000)
  from space 17920K, 99% used [0x00000000f7a00000,0x00000000f8b78030,0x00000000f8b80000)
  to   space 22528K, 0% used [0x00000000f6400000,0x00000000f6400000,0x00000000f7a00000)
 ParOldGen       total 57856K, used 34053K [0x00000000c0000000, 0x00000000c3880000, 0x00000000eab00000)
  object space 57856K, 58% used [0x00000000c0000000,0x00000000c21417a0,0x00000000c3880000)
 Metaspace       used 56882K, capacity 58946K, committed 59028K, reserved 1099776K
  class space    used 7869K, capacity 8416K, committed 8448K, reserved 1048576K
}
Event: 25.879 GC heap before
{Heap before GC invocations=17 (full 3):
 PSYoungGen      total 207360K, used 17888K [0x00000000eab00000, 0x00000000f9480000, 0x0000000100000000)
  eden space 189440K, 0% used [0x00000000eab00000,0x00000000eab00000,0x00000000f6400000)
  from space 17920K, 99% used [0x00000000f7a00000,0x00000000f8b78030,0x00000000f8b80000)
  to   space 22528K, 0% used [0x00000000f6400000,0x00000000f6400000,0x00000000f7a00000)
 ParOldGen       total 57856K, used 34053K [0x00000000c0000000, 0x00000000c3880000, 0x00000000eab00000)
  object space 57856K, 58% used [0x00000000c0000000,0x00000000c21417a0,0x00000000c3880000)
 Metaspace       used 56882K, capacity 58946K, committed 59028K, reserved 1099776K
  class space    used 7869K, capacity 8416K, committed 8448K, reserved 1048576K
Event: 26.395 GC heap after
Heap after GC invocations=17 (full 3):
 PSYoungGen      total 207360K, used 0K [0x00000000eab00000, 0x00000000f9480000, 0x0000000100000000)
  eden space 189440K, 0% used [0x00000000eab00000,0x00000000eab00000,0x00000000f6400000)
  from space 17920K, 0% used [0x00000000f7a00000,0x00000000f7a00000,0x00000000f8b80000)
  to   space 22528K, 0% used [0x00000000f6400000,0x00000000f6400000,0x00000000f7a00000)
 ParOldGen       total 106496K, used 48204K [0x00000000c0000000, 0x00000000c6800000, 0x00000000eab00000)
  object space 106496K, 45% used [0x00000000c0000000,0x00000000c2f133d0,0x00000000c6800000)
 Metaspace       used 56882K, capacity 58946K, committed 59028K, reserved 1099776K
  class space    used 7869K, capacity 8416K, committed 8448K, reserved 1048576K
}
Event: 36.765 GC heap before
{Heap before GC invocations=18 (full 3):
 PSYoungGen      total 207360K, used 189440K [0x00000000eab00000, 0x00000000f9480000, 0x0000000100000000)
  eden space 189440K, 100% used [0x00000000eab00000,0x00000000f6400000,0x00000000f6400000)
  from space 17920K, 0% used [0x00000000f7a00000,0x00000000f7a00000,0x00000000f8b80000)
  to   space 22528K, 0% used [0x00000000f6400000,0x00000000f6400000,0x00000000f7a00000)
 ParOldGen       total 106496K, used 48204K [0x00000000c0000000, 0x00000000c6800000, 0x00000000eab00000)
  object space 106496K, 45% used [0x00000000c0000000,0x00000000c2f133d0,0x00000000c6800000)
 Metaspace       used 61362K, capacity 63772K, committed 64000K, reserved 1103872K
  class space    used 8311K, capacity 8915K, committed 8960K, reserved 1048576K
Event: 36.792 GC heap after
Heap after GC invocations=18 (full 3):
 PSYoungGen      total 211968K, used 11797K [0x00000000eab00000, 0x00000000fb500000, 0x0000000100000000)
  eden space 189440K, 0% used [0x00000000eab00000,0x00000000eab00000,0x00000000f6400000)
  from space 22528K, 52% used [0x00000000f6400000,0x00000000f6f855a0,0x00000000f7a00000)
  to   space 22016K, 0% used [0x00000000f9f80000,0x00000000f9f80000,0x00000000fb500000)
 ParOldGen       total 106496K, used 48212K [0x00000000c0000000, 0x00000000c6800000, 0x00000000eab00000)
  object space 106496K, 45% used [0x00000000c0000000,0x00000000c2f153d0,0x00000000c6800000)
 Metaspace       used 61362K, capacity 63772K, committed 64000K, reserved 1103872K
  class space    used 8311K, capacity 8915K, committed 8960K, reserved 1048576K
}
Event: 65.129 GC heap before
{Heap before GC invocations=19 (full 3):
 PSYoungGen      total 211968K, used 201237K [0x00000000eab00000, 0x00000000fb500000, 0x0000000100000000)
  eden space 189440K, 100% used [0x00000000eab00000,0x00000000f6400000,0x00000000f6400000)
  from space 22528K, 52% used [0x00000000f6400000,0x00000000f6f855a0,0x00000000f7a00000)
  to   space 22016K, 0% used [0x00000000f9f80000,0x00000000f9f80000,0x00000000fb500000)
 ParOldGen       total 106496K, used 48212K [0x00000000c0000000, 0x00000000c6800000, 0x00000000eab00000)
  object space 106496K, 45% used [0x00000000c0000000,0x00000000c2f153d0,0x00000000c6800000)
 Metaspace       used 64990K, capacity 67728K, committed 68096K, reserved 1107968K
  class space    used 8689K, capacity 9355K, committed 9472K, reserved 1048576K
Event: 65.215 GC heap after
Heap after GC invocations=19 (full 3):
 PSYoungGen      total 240128K, used 12911K [0x00000000eab00000, 0x00000000fb000000, 0x0000000100000000)
  eden space 223232K, 0% used [0x00000000eab00000,0x00000000eab00000,0x00000000f8500000)
  from space 16896K, 76% used [0x00000000f9f80000,0x00000000fac1bf28,0x00000000fb000000)
  to   space 22016K, 0% used [0x00000000f8500000,0x00000000f8500000,0x00000000f9a80000)
 ParOldGen       total 106496K, used 48220K [0x00000000c0000000, 0x00000000c6800000, 0x00000000eab00000)
  object space 106496K, 45% used [0x00000000c0000000,0x00000000c2f173d0,0x00000000c6800000)
 Metaspace       used 64990K, capacity 67728K, committed 68096K, reserved 1107968K
  class space    used 8689K, capacity 9355K, committed 9472K, reserved 1048576K
}

Deoptimization events (10 events):
Event: 65.215 Thread 0x00000000029f1800 Uncommon trap: reason=unstable_if action=reinterpret pc=0x0000000002cb8cf4 method=java.lang.ref.Reference.tryHandlePending(Z)Z @ 20
Event: 65.329 Thread 0x000000001adbe000 Uncommon trap: reason=class_check action=maybe_recompile pc=0x00000000043bca88 method=com.google.common.collect.ImmutableList.hashCode()I @ 3
Event: 65.329 Thread 0x000000001adbe000 Uncommon trap: reason=class_check action=maybe_recompile pc=0x00000000043bca88 method=com.google.common.collect.ImmutableList.hashCode()I @ 3
Event: 65.383 Thread 0x000000001adbe000 Uncommon trap: reason=array_check action=maybe_recompile pc=0x000000000463fe90 method=com.google.common.collect.RegularImmutableMap.fromEntryArray(I[Ljava/util/Map$Entry;)Lcom/google/common/collect/RegularImmutableMap; @ 200
Event: 65.388 Thread 0x000000001adbe000 Uncommon trap: reason=class_check action=maybe_recompile pc=0x00000000043bca88 method=com.google.common.collect.ImmutableList.hashCode()I @ 3
Event: 65.388 Thread 0x000000001adbe000 Uncommon trap: reason=array_check action=maybe_recompile pc=0x000000000463fe90 method=com.google.common.collect.RegularImmutableMap.fromEntryArray(I[Ljava/util/Map$Entry;)Lcom/google/common/collect/RegularImmutableMap; @ 200
Event: 65.388 Thread 0x000000001adbe000 Uncommon trap: reason=class_check action=maybe_recompile pc=0x00000000043bca88 method=com.google.common.collect.ImmutableList.hashCode()I @ 3
Event: 65.472 Thread 0x000000001adbe000 Uncommon trap: reason=unstable_if action=reinterpret pc=0x0000000002e68b40 method=org.gradle.api.internal.file.pattern.PatternMatcherFactory$PathMatcherBackedSpec.isSatisfiedBy(Lorg/gradle/api/file/RelativePath;)Z @ 11
Event: 65.988 Thread 0x000000001824c800 Uncommon trap: reason=array_check action=maybe_recompile pc=0x000000000463fe90 method=com.google.common.collect.RegularImmutableMap.fromEntryArray(I[Ljava/util/Map$Entry;)Lcom/google/common/collect/RegularImmutableMap; @ 200
Event: 65.991 Thread 0x000000001824c800 Uncommon trap: reason=array_check action=maybe_recompile pc=0x000000000463fe90 method=com.google.common.collect.RegularImmutableMap.fromEntryArray(I[Ljava/util/Map$Entry;)Lcom/google/common/collect/RegularImmutableMap; @ 200

Classes redefined (0 events):
No events

Internal exceptions (10 events):
Event: 36.261 Thread 0x000000001b8ff800 Exception <a 'java/lang/NoSuchMethodError': <clinit>> (0x00000000f396d830) thrown at [D:\src\AOSP-openjdk-cygwin\jdk8u\hotspot\src\share\vm\prims\jni.cpp, line 1613]
Event: 49.249 Thread 0x000000001b8ff800 Exception <a 'java/lang/NoSuchMethodError': java.lang.Object.lambda$comparingInt$7b0bb60$1(Ljava/util/function/ToIntFunction;Ljava/lang/Object;Ljava/lang/Object;)I> (0x00000000edfad5a8) thrown at [D:\src\AOSP-openjdk-cygwin\jdk8u\hotspot\src\share\vm\inte
Event: 57.043 Thread 0x000000001824c800 Exception <a 'java/lang/NoSuchMethodError': <clinit>> (0x00000000ecd7ca70) thrown at [D:\src\AOSP-openjdk-cygwin\jdk8u\hotspot\src\share\vm\prims\jni.cpp, line 1613]
Event: 57.053 Thread 0x000000001824c800 Exception <a 'java/lang/NoSuchMethodError': <clinit>> (0x00000000ecdca3a8) thrown at [D:\src\AOSP-openjdk-cygwin\jdk8u\hotspot\src\share\vm\prims\jni.cpp, line 1613]
Event: 57.055 Thread 0x000000001824c800 Exception <a 'java/lang/NoSuchMethodError': <clinit>> (0x00000000ecdd7250) thrown at [D:\src\AOSP-openjdk-cygwin\jdk8u\hotspot\src\share\vm\prims\jni.cpp, line 1613]
Event: 57.064 Thread 0x000000001824c800 Exception <a 'java/lang/NoSuchMethodError': <clinit>> (0x00000000ef56cb80) thrown at [D:\src\AOSP-openjdk-cygwin\jdk8u\hotspot\src\share\vm\prims\jni.cpp, line 1613]
Event: 57.064 Thread 0x000000001824c800 Exception <a 'java/lang/NoSuchMethodError': <clinit>> (0x00000000ef5707d8) thrown at [D:\src\AOSP-openjdk-cygwin\jdk8u\hotspot\src\share\vm\prims\jni.cpp, line 1613]
Event: 57.064 Thread 0x000000001824c800 Exception <a 'java/lang/NoSuchMethodError': <clinit>> (0x00000000ef5722e0) thrown at [D:\src\AOSP-openjdk-cygwin\jdk8u\hotspot\src\share\vm\prims\jni.cpp, line 1613]
Event: 57.421 Thread 0x000000001824c800 Exception <a 'sun/nio/fs/WindowsException'> (0x00000000efdccb58) thrown at [D:\src\AOSP-openjdk-cygwin\jdk8u\hotspot\src\share\vm\prims\jni.cpp, line 709]
Event: 65.916 Thread 0x000000001adbe000 Exception <a 'java/lang/NoSuchMethodError': <clinit>> (0x00000000eb994d60) thrown at [D:\src\AOSP-openjdk-cygwin\jdk8u\hotspot\src\share\vm\prims\jni.cpp, line 1613]

Events (10 events):
Event: 65.671 loading class org/gradle/api/internal/file/collections/SingletonFileTree
Event: 65.671 loading class org/gradle/api/internal/file/collections/SingletonFileTree done
Event: 65.676 loading class org/gradle/api/internal/file/AbstractFileTree$FilteredFileTreeImpl
Event: 65.676 loading class org/gradle/api/internal/file/AbstractFileTree$FilteredFileTreeImpl done
Event: 65.988 Thread 0x000000001824c800 Uncommon trap: trap_request=0xffffffd6 fr.pc=0x000000000463fe90
Event: 65.988 Thread 0x000000001824c800 DEOPT PACKING pc=0x000000000463fe90 sp=0x000000001959ab40
Event: 65.988 Thread 0x000000001824c800 DEOPT UNPACKING pc=0x0000000002a4557b sp=0x000000001959aac8 mode 2
Event: 65.991 Thread 0x000000001824c800 Uncommon trap: trap_request=0xffffffd6 fr.pc=0x000000000463fe90
Event: 65.991 Thread 0x000000001824c800 DEOPT PACKING pc=0x000000000463fe90 sp=0x000000001959ad70
Event: 65.991 Thread 0x000000001824c800 DEOPT UNPACKING pc=0x0000000002a4557b sp=0x000000001959acf8 mode 2


Dynamic libraries:
0x00007ff7c9fc0000 - 0x00007ff7c9ff1000 	C:\Program Files\Android\Android Studio\jre\bin\java.exe
0x00007ffa0db00000 - 0x00007ffa0dcad000 	C:\Windows\SYSTEM32\ntdll.dll
0x00007ffa0cad0000 - 0x00007ffa0cc0a000 	C:\Windows\system32\KERNEL32.DLL
0x00007ffa0b0e0000 - 0x00007ffa0b1f5000 	C:\Windows\system32\KERNELBASE.dll
0x00007ffa0d0d0000 - 0x00007ffa0d17a000 	C:\Windows\system32\ADVAPI32.dll
0x00007ffa0d410000 - 0x00007ffa0d581000 	C:\Windows\system32\USER32.dll
0x00007ffa08c50000 - 0x00007ffa08ecb000 	C:\Windows\WinSxS\amd64_microsoft.windows.common-controls_6595b64144ccf1df_6.0.9600.18006_none_623f33d3ecbe86e8\COMCTL32.dll
0x00007ffa0d590000 - 0x00007ffa0d637000 	C:\Windows\system32\msvcrt.dll
0x00007ffa0d190000 - 0x00007ffa0d1e9000 	C:\Windows\SYSTEM32\sechost.dll
0x00007ffa0cd50000 - 0x00007ffa0ce90000 	C:\Windows\system32\RPCRT4.dll
0x00007ffa0b400000 - 0x00007ffa0b545000 	C:\Windows\system32\GDI32.dll
0x00007ffa0b0b0000 - 0x00007ffa0b0de000 	C:\Windows\system32\SspiCli.dll
0x00007ffa0ca80000 - 0x00007ffa0cab4000 	C:\Windows\system32\IMM32.DLL
0x00007ffa0cc10000 - 0x00007ffa0cd49000 	C:\Windows\system32\MSCTF.dll
0x00000000533c0000 - 0x0000000053492000 	C:\Program Files\Android\Android Studio\jre\jre\bin\msvcr100.dll
0x00000000534a0000 - 0x0000000053cdf000 	C:\Program Files\Android\Android Studio\jre\jre\bin\server\jvm.dll
0x00007ff9f0910000 - 0x00007ff9f0919000 	C:\Windows\SYSTEM32\WSOCK32.dll
0x00007ffa083c0000 - 0x00007ffa083df000 	C:\Windows\SYSTEM32\WINMM.dll
0x00007ffa08f00000 - 0x00007ffa08f0a000 	C:\Windows\SYSTEM32\VERSION.dll
0x00007ffa0d710000 - 0x00007ffa0d717000 	C:\Windows\system32\PSAPI.DLL
0x00007ffa0ce90000 - 0x00007ffa0ceea000 	C:\Windows\system32\WS2_32.dll
0x00007ffa08200000 - 0x00007ffa0822a000 	C:\Windows\SYSTEM32\WINMMBASE.dll
0x00007ffa0b280000 - 0x00007ffa0b289000 	C:\Windows\system32\NSI.dll
0x00007ffa0ae30000 - 0x00007ffa0ae7a000 	C:\Windows\SYSTEM32\cfgmgr32.dll
0x00007ffa09a00000 - 0x00007ffa09a26000 	C:\Windows\SYSTEM32\DEVOBJ.dll
0x00007ff9effe0000 - 0x00007ff9effef000 	C:\Program Files\Android\Android Studio\jre\jre\bin\verify.dll
0x00007ff9ee370000 - 0x00007ff9ee399000 	C:\Program Files\Android\Android Studio\jre\jre\bin\java.dll
0x00007ff9ee350000 - 0x00007ff9ee366000 	C:\Program Files\Android\Android Studio\jre\jre\bin\zip.dll
0x00007ffa0b550000 - 0x00007ffa0ca78000 	C:\Windows\system32\SHELL32.dll
0x00007ffa0d1f0000 - 0x00007ffa0d401000 	C:\Windows\SYSTEM32\combase.dll
0x00007ffa0b290000 - 0x00007ffa0b2e1000 	C:\Windows\system32\SHLWAPI.dll
0x00007ffa092e0000 - 0x00007ffa09392000 	C:\Windows\SYSTEM32\SHCORE.dll
0x00007ffa0acb0000 - 0x00007ffa0acc4000 	C:\Windows\SYSTEM32\profapi.dll
0x00007ff9ee330000 - 0x00007ff9ee34a000 	C:\Program Files\Android\Android Studio\jre\jre\bin\net.dll
0x00007ffa0a5e0000 - 0x00007ffa0a639000 	C:\Windows\system32\mswsock.dll
0x00007ff9ee310000 - 0x00007ff9ee321000 	C:\Program Files\Android\Android Studio\jre\jre\bin\nio.dll
0x00007ff9f9180000 - 0x00007ff9f919e000 	C:\Users\laptop home\.gradle\native\25\windows-amd64\native-platform.dll
0x00007ff9ee000000 - 0x00007ff9ee00d000 	C:\Program Files\Android\Android Studio\jre\jre\bin\management.dll
0x00007ffa0a640000 - 0x00007ffa0a65e000 	C:\Windows\SYSTEM32\CRYPTSP.dll
0x00007ffa0a230000 - 0x00007ffa0a266000 	C:\Windows\system32\rsaenh.dll
0x00007ffa0a880000 - 0x00007ffa0a8a6000 	C:\Windows\SYSTEM32\bcrypt.dll
0x00007ffa0a340000 - 0x00007ffa0a35e000 	C:\Windows\SYSTEM32\USERENV.dll
0x00007ffa0ab80000 - 0x00007ffa0abe3000 	C:\Windows\system32\bcryptprimitives.dll
0x00007ffa0abf0000 - 0x00007ffa0abfa000 	C:\Windows\SYSTEM32\CRYPTBASE.dll
0x00007ffa05610000 - 0x00007ffa0563a000 	C:\Windows\SYSTEM32\IPHLPAPI.DLL
0x00007ffa05590000 - 0x00007ffa0559a000 	C:\Windows\SYSTEM32\WINNSI.DLL
0x00007ffa05300000 - 0x00007ffa05314000 	C:\Windows\SYSTEM32\dhcpcsvc6.DLL
0x00007ffa05230000 - 0x00007ffa05249000 	C:\Windows\SYSTEM32\dhcpcsvc.DLL

VM Arguments:
jvm_args: -Xmx1536m -Dfile.encoding=windows-1256 -Duser.country=US -Duser.language=en -Duser.variant -Xmx1024M 
java_command: org.gradle.launcher.daemon.bootstrap.GradleDaemon 4.4
java_class_path (initial): C:\Users\laptop home\.gradle\wrapper\dists\gradle-4.4-all\9br9xq1tocpiv8o6njlyu5op1\gradle-4.4\lib\gradle-launcher-4.4.jar
Launcher Type: SUN_STANDARD

Environment Variables:
JAVA_HOME=C:\Program Files\Java\jdk1.8.0_102
_JAVA_OPTIONS=-Xmx1024M
PATH=C:\Windows\system32;C:\Windows;C:\Windows\System32\Wbem;C:\Windows\System32\WindowsPowerShell\v1.0\;C:\Program Files\Microsoft\Web Platform Installer\;C:\Program Files (x86)\Microsoft ASP.NET\ASP.NET Web Pages\v1.0\;C:\Program Files\Microsoft SQL Server\110\Tools\Binn\;C:\Program Files (x86)\Microsoft SQL Server\110\Tools\Binn\;C:\Program Files\Microsoft SQL Server\110\DTS\Binn\;C:\Program Files (x86)\Microsoft SQL Server\110\Tools\Binn\ManagementStudio\;C:\Program Files (x86)\Microsoft Visual Studio 10.0\Common7\IDE\PrivateAssemblies\;C:\Program Files (x86)\Microsoft SQL Server\110\DTS\Binn\;C:\Program Files (x86)\Skype\Phone\
USERNAME=laptop home
OS=Windows_NT
PROCESSOR_IDENTIFIER=Intel64 Family 6 Model 37 Stepping 2, GenuineIntel



---------------  S Y S T E M  ---------------

OS: Windows 8.1 , 64 bit Build 9600 (6.3.9600.17056)

CPU:total 4 (initial active 4) (2 cores per cpu, 2 threads per core) family 6 model 37 stepping 2, cmov, cx8, fxsr, mmx, sse, sse2, sse3, ssse3, sse4.1, sse4.2, popcnt, aes, clmul, ht, tsc, tscinvbit

Memory: 4k page, physical 4048696k(861108k free), swap 5329720k(5916k free)

vm_info: OpenJDK 64-Bit Server VM (25.152-b02) for windows-amd64 JRE (1.8.0_152-release-1024-b02), built by "builder" with MS VC++ 10.0 (VS2010)

time: Thu Sep 20 16:21:45 2018
elapsed time: 66 seconds (0d 0h 1m 6s)

