#
# There is insufficient memory for the Java Runtime Environment to continue.
# Native memory allocation (malloc) failed to allocate 2087216 bytes for Chunk::new
# Possible reasons:
#   The system is out of physical RAM or swap space
#   In 32 bit mode, the process size limit was hit
# Possible solutions:
#   Reduce memory load on the system
#   Increase physical memory or swap space
#   Check if swap backing store is full
#   Use 64 bit Java on a 64 bit OS
#   Decrease Java heap size (-Xmx/-Xms)
#   Decrease number of Java threads
#   Decrease Java thread stack sizes (-Xss)
#   Set larger code cache with -XX:ReservedCodeCacheSize=
# This output file may be truncated or incomplete.
#
#  Out of Memory Error (allocation.cpp:390), pid=2268, tid=0x00000000000002e4
#
# JRE version: OpenJDK Runtime Environment (8.0_152-b02) (build 1.8.0_152-release-1024-b02)
# Java VM: OpenJDK 64-Bit Server VM (25.152-b02 mixed mode windows-amd64 compressed oops)
# Failed to write core dump. Minidumps are not enabled by default on client versions of Windows
#

---------------  T H R E A D  ---------------

Current thread (0x00000000153fd800):  JavaThread "C2 CompilerThread1" daemon [_thread_in_native, id=740, stack(0x0000000016b20000,0x0000000016c20000)]

Stack: [0x0000000016b20000,0x0000000016c20000]
[error occurred during error reporting (printing stack bounds), id 0xc0000005]

Native frames: (J=compiled Java code, j=interpreted, Vv=VM code, C=native code)


Current CompileTask:
C2:   9937 1824   !   4       java.net.URLClassLoader$1::run (63 bytes)


---------------  P R O C E S S  ---------------

Java Threads: ( => current thread )
  0x000000001a0ff000 JavaThread "Cache worker for file hash cache (C:\Users\laptop home\AndroidStudioProjects\MyApplication\.gradle\4.4\fileHashes)" [_thread_blocked, id=5192, stack(0x000000001ae90000,0x000000001af90000)]
  0x0000000018954000 JavaThread "File lock request listener" [_thread_in_native, id=2356, stack(0x0000000019dc0000,0x0000000019ec0000)]
  0x0000000018694800 JavaThread "Cache worker for file hash cache (C:\Users\laptop home\.gradle\caches\4.4\fileHashes)" [_thread_blocked, id=2724, stack(0x0000000019cc0000,0x0000000019dc0000)]
  0x00000000183f6000 JavaThread "Stdin handler" [_thread_blocked, id=1420, stack(0x00000000199c0000,0x0000000019ac0000)]
  0x00000000183f3800 JavaThread "Asynchronous log dispatcher for DefaultDaemonConnection: socket connection from /127.0.0.1:52330 to /127.0.0.1:52331" [_thread_blocked, id=876, stack(0x00000000198c0000,0x00000000199c0000)]
  0x00000000183f1000 JavaThread "Daemon worker" [_thread_in_vm, id=5704, stack(0x00000000197c0000,0x00000000198c0000)]
  0x00000000183ee000 JavaThread "Cancel handler" [_thread_blocked, id=3712, stack(0x00000000196c0000,0x00000000197c0000)]
  0x00000000182c5800 JavaThread "Handler for socket connection from /127.0.0.1:52330 to /127.0.0.1:52331" [_thread_in_native, id=5196, stack(0x00000000193c0000,0x00000000194c0000)]
  0x00000000182c5000 JavaThread "Daemon" [_thread_blocked, id=3172, stack(0x00000000192c0000,0x00000000193c0000)]
  0x000000001821d000 JavaThread "Daemon periodic checks" [_thread_blocked, id=4736, stack(0x00000000191c0000,0x00000000192c0000)]
  0x0000000018207000 JavaThread "Incoming local TCP Connector on port 52330" [_thread_in_native, id=2800, stack(0x0000000018fd0000,0x00000000190d0000)]
  0x0000000016d83800 JavaThread "Service Thread" daemon [_thread_blocked, id=924, stack(0x0000000017120000,0x0000000017220000)]
  0x0000000015447800 JavaThread "C1 CompilerThread2" daemon [_thread_blocked, id=4860, stack(0x0000000016c20000,0x0000000016d20000)]
=>0x00000000153fd800 JavaThread "C2 CompilerThread1" daemon [_thread_in_native, id=740, stack(0x0000000016b20000,0x0000000016c20000)]
  0x00000000153f6800 JavaThread "C2 CompilerThread0" daemon [_thread_in_native, id=2844, stack(0x0000000016a20000,0x0000000016b20000)]
  0x0000000015443000 JavaThread "Attach Listener" daemon [_thread_blocked, id=3376, stack(0x0000000016920000,0x0000000016a20000)]
  0x0000000015442800 JavaThread "Signal Dispatcher" daemon [_thread_blocked, id=5644, stack(0x0000000016820000,0x0000000016920000)]
  0x0000000002d1d000 JavaThread "Finalizer" daemon [_thread_blocked, id=3772, stack(0x0000000016640000,0x0000000016740000)]
  0x0000000002d11800 JavaThread "Reference Handler" daemon [_thread_blocked, id=4292, stack(0x0000000016540000,0x0000000016640000)]
  0x0000000002c23000 JavaThread "main" [_thread_blocked, id=5496, stack(0x0000000002ad0000,0x0000000002bd0000)]

Other Threads:
  0x00000000153b5800 VMThread [stack: 0x0000000016440000,0x0000000016540000] [id=2116]
  0x0000000016d8c800 WatcherThread [stack: 0x0000000017220000,0x0000000017320000] [id=2020]

VM state:not at safepoint (normal execution)

VM Mutex/Monitor currently owned by a thread: None

Heap:
 PSYoungGen      total 69632K, used 35519K [0x00000000eab00000, 0x00000000ef800000, 0x0000000100000000)
  eden space 61952K, 57% used [0x00000000eab00000,0x00000000ecdafc98,0x00000000ee780000)
  from space 7680K, 0% used [0x00000000ee780000,0x00000000ee780000,0x00000000eef00000)
  to   space 6144K, 0% used [0x00000000eef00000,0x00000000eef00000,0x00000000ef500000)
 ParOldGen       total 36864K, used 8551K [0x00000000c0000000, 0x00000000c2400000, 0x00000000eab00000)
  object space 36864K, 23% used [0x00000000c0000000,0x00000000c0859db0,0x00000000c2400000)
 Metaspace       used 24340K, capacity 24800K, committed 25088K, reserved 1071104K
  class space    used 3359K, capacity 3527K, committed 3584K, reserved 1048576K

Card table byte_map: [0x00000000120e0000,0x00000000122f0000] byte_map_base: 0x0000000011ae0000

Marking Bits: (ParMarkBitMap*) 0x000000005af94970
 Begin Bits: [0x0000000012850000, 0x0000000013850000)
 End Bits:   [0x0000000013850000, 0x0000000014850000)

Polling page: 0x0000000001430000

CodeCache: size=245760Kb used=7910Kb max_used=7910Kb free=237849Kb
 bounds [0x0000000002d20000, 0x00000000034e0000, 0x0000000011d20000]
 total_blobs=2548 nmethods=1919 adapters=543
 compilation: enabled

Compilation events (10 events):
Event: 9.898 Thread 0x0000000015447800 1959       3       org.objectweb.asm.ClassWriter::newMethodItem (91 bytes)
Event: 9.899 Thread 0x0000000015447800 nmethod 1959 0x00000000034d9290 code [0x00000000034d9480, 0x00000000034d9b18]
Event: 9.899 Thread 0x0000000015447800 1956       3       org.objectweb.asm.ClassWriter::newNameType (10 bytes)
Event: 9.899 Thread 0x0000000015447800 nmethod 1956 0x00000000034d9f90 code [0x00000000034da100, 0x00000000034da2a8]
Event: 9.920 Thread 0x0000000015447800 1960       3       java.util.StringTokenizer::<init> (8 bytes)
Event: 9.920 Thread 0x0000000015447800 nmethod 1960 0x00000000034da390 code [0x00000000034da500, 0x00000000034da688]
Event: 9.927 Thread 0x0000000015447800 1961       3       com.google.common.collect.ImmutableMap::entryOf (15 bytes)
Event: 9.928 Thread 0x0000000015447800 nmethod 1961 0x00000000034da710 code [0x00000000034da8a0, 0x00000000034dacd8]
Event: 9.928 Thread 0x0000000015447800 1962       3       com.google.common.collect.ImmutableMap$Builder::put (35 bytes)
Event: 9.929 Thread 0x0000000015447800 nmethod 1962 0x00000000034daf50 code [0x00000000034db1a0, 0x00000000034dc038]

GC Heap History (10 events):
Event: 2.619 GC heap before
{Heap before GC invocations=4 (full 0):
 PSYoungGen      total 18432K, used 18432K [0x00000000eab00000, 0x00000000ecf00000, 0x0000000100000000)
  eden space 15872K, 100% used [0x00000000eab00000,0x00000000eba80000,0x00000000eba80000)
  from space 2560K, 100% used [0x00000000eba80000,0x00000000ebd00000,0x00000000ebd00000)
  to   space 2560K, 0% used [0x00000000ecc80000,0x00000000ecc80000,0x00000000ecf00000)
 ParOldGen       total 42496K, used 590K [0x00000000c0000000, 0x00000000c2980000, 0x00000000eab00000)
  object space 42496K, 1% used [0x00000000c0000000,0x00000000c0093af0,0x00000000c2980000)
 Metaspace       used 10547K, capacity 10856K, committed 11008K, reserved 1058816K
  class space    used 1378K, capacity 1486K, committed 1536K, reserved 1048576K
Event: 2.626 GC heap after
Heap after GC invocations=4 (full 0):
 PSYoungGen      total 34304K, used 2560K [0x00000000eab00000, 0x00000000ecf00000, 0x0000000100000000)
  eden space 31744K, 0% used [0x00000000eab00000,0x00000000eab00000,0x00000000eca00000)
  from space 2560K, 100% used [0x00000000ecc80000,0x00000000ecf00000,0x00000000ecf00000)
  to   space 2560K, 0% used [0x00000000eca00000,0x00000000eca00000,0x00000000ecc80000)
 ParOldGen       total 42496K, used 2634K [0x00000000c0000000, 0x00000000c2980000, 0x00000000eab00000)
  object space 42496K, 6% used [0x00000000c0000000,0x00000000c0292a60,0x00000000c2980000)
 Metaspace       used 10547K, capacity 10856K, committed 11008K, reserved 1058816K
  class space    used 1378K, capacity 1486K, committed 1536K, reserved 1048576K
}
Event: 4.692 GC heap before
{Heap before GC invocations=5 (full 0):
 PSYoungGen      total 34304K, used 34304K [0x00000000eab00000, 0x00000000ecf00000, 0x0000000100000000)
  eden space 31744K, 100% used [0x00000000eab00000,0x00000000eca00000,0x00000000eca00000)
  from space 2560K, 100% used [0x00000000ecc80000,0x00000000ecf00000,0x00000000ecf00000)
  to   space 2560K, 0% used [0x00000000eca00000,0x00000000eca00000,0x00000000ecc80000)
 ParOldGen       total 42496K, used 2634K [0x00000000c0000000, 0x00000000c2980000, 0x00000000eab00000)
  object space 42496K, 6% used [0x00000000c0000000,0x00000000c0292a60,0x00000000c2980000)
 Metaspace       used 13977K, capacity 14326K, committed 14464K, reserved 1060864K
  class space    used 1934K, capacity 2059K, committed 2176K, reserved 1048576K
Event: 4.713 GC heap after
Heap after GC invocations=5 (full 0):
 PSYoungGen      total 34304K, used 2560K [0x00000000eab00000, 0x00000000ef500000, 0x0000000100000000)
  eden space 31744K, 0% used [0x00000000eab00000,0x00000000eab00000,0x00000000eca00000)
  from space 2560K, 100% used [0x00000000eca00000,0x00000000ecc80000,0x00000000ecc80000)
  to   space 6144K, 0% used [0x00000000eef00000,0x00000000eef00000,0x00000000ef500000)
 ParOldGen       total 42496K, used 6218K [0x00000000c0000000, 0x00000000c2980000, 0x00000000eab00000)
  object space 42496K, 14% used [0x00000000c0000000,0x00000000c0612b48,0x00000000c2980000)
 Metaspace       used 13977K, capacity 14326K, committed 14464K, reserved 1060864K
  class space    used 1934K, capacity 2059K, committed 2176K, reserved 1048576K
}
Event: 6.412 GC heap before
{Heap before GC invocations=6 (full 0):
 PSYoungGen      total 34304K, used 34304K [0x00000000eab00000, 0x00000000ef500000, 0x0000000100000000)
  eden space 31744K, 100% used [0x00000000eab00000,0x00000000eca00000,0x00000000eca00000)
  from space 2560K, 100% used [0x00000000eca00000,0x00000000ecc80000,0x00000000ecc80000)
  to   space 6144K, 0% used [0x00000000eef00000,0x00000000eef00000,0x00000000ef500000)
 ParOldGen       total 42496K, used 6218K [0x00000000c0000000, 0x00000000c2980000, 0x00000000eab00000)
  object space 42496K, 14% used [0x00000000c0000000,0x00000000c0612b48,0x00000000c2980000)
 Metaspace       used 16982K, capacity 17358K, committed 17536K, reserved 1064960K
  class space    used 2439K, capacity 2575K, committed 2688K, reserved 1048576K
Event: 6.427 GC heap after
Heap after GC invocations=6 (full 0):
 PSYoungGen      total 68096K, used 6115K [0x00000000eab00000, 0x00000000ef800000, 0x0000000100000000)
  eden space 61952K, 0% used [0x00000000eab00000,0x00000000eab00000,0x00000000ee780000)
  from space 6144K, 99% used [0x00000000eef00000,0x00000000ef4f8eb0,0x00000000ef500000)
  to   space 7680K, 0% used [0x00000000ee780000,0x00000000ee780000,0x00000000eef00000)
 ParOldGen       total 42496K, used 6534K [0x00000000c0000000, 0x00000000c2980000, 0x00000000eab00000)
  object space 42496K, 15% used [0x00000000c0000000,0x00000000c06619f0,0x00000000c2980000)
 Metaspace       used 16982K, capacity 17358K, committed 17536K, reserved 1064960K
  class space    used 2439K, capacity 2575K, committed 2688K, reserved 1048576K
}
Event: 8.566 GC heap before
{Heap before GC invocations=7 (full 0):
 PSYoungGen      total 68096K, used 25793K [0x00000000eab00000, 0x00000000ef800000, 0x0000000100000000)
  eden space 61952K, 31% used [0x00000000eab00000,0x00000000ebe37918,0x00000000ee780000)
  from space 6144K, 99% used [0x00000000eef00000,0x00000000ef4f8eb0,0x00000000ef500000)
  to   space 7680K, 0% used [0x00000000ee780000,0x00000000ee780000,0x00000000eef00000)
 ParOldGen       total 42496K, used 6534K [0x00000000c0000000, 0x00000000c2980000, 0x00000000eab00000)
  object space 42496K, 15% used [0x00000000c0000000,0x00000000c06619f0,0x00000000c2980000)
 Metaspace       used 20847K, capacity 21200K, committed 21248K, reserved 1067008K
  class space    used 2903K, capacity 3038K, committed 3072K, reserved 1048576K
Event: 8.587 GC heap after
Heap after GC invocations=7 (full 0):
 PSYoungGen      total 69632K, used 6314K [0x00000000eab00000, 0x00000000ef800000, 0x0000000100000000)
  eden space 61952K, 0% used [0x00000000eab00000,0x00000000eab00000,0x00000000ee780000)
  from space 7680K, 82% used [0x00000000ee780000,0x00000000eedaa920,0x00000000eef00000)
  to   space 6144K, 0% used [0x00000000eef00000,0x00000000eef00000,0x00000000ef500000)
 ParOldGen       total 42496K, used 7297K [0x00000000c0000000, 0x00000000c2980000, 0x00000000eab00000)
  object space 42496K, 17% used [0x00000000c0000000,0x00000000c0720530,0x00000000c2980000)
 Metaspace       used 20847K, capacity 21200K, committed 21248K, reserved 1067008K
  class space    used 2903K, capacity 3038K, committed 3072K, reserved 1048576K
}
Event: 8.587 GC heap before
{Heap before GC invocations=8 (full 1):
 PSYoungGen      total 69632K, used 6314K [0x00000000eab00000, 0x00000000ef800000, 0x0000000100000000)
  eden space 61952K, 0% used [0x00000000eab00000,0x00000000eab00000,0x00000000ee780000)
  from space 7680K, 82% used [0x00000000ee780000,0x00000000eedaa920,0x00000000eef00000)
  to   space 6144K, 0% used [0x00000000eef00000,0x00000000eef00000,0x00000000ef500000)
 ParOldGen       total 42496K, used 7297K [0x00000000c0000000, 0x00000000c2980000, 0x00000000eab00000)
  object space 42496K, 17% used [0x00000000c0000000,0x00000000c0720530,0x00000000c2980000)
 Metaspace       used 20847K, capacity 21200K, committed 21248K, reserved 1067008K
  class space    used 2903K, capacity 3038K, committed 3072K, reserved 1048576K
Event: 8.715 GC heap after
Heap after GC invocations=8 (full 1):
 PSYoungGen      total 69632K, used 0K [0x00000000eab00000, 0x00000000ef800000, 0x0000000100000000)
  eden space 61952K, 0% used [0x00000000eab00000,0x00000000eab00000,0x00000000ee780000)
  from space 7680K, 0% used [0x00000000ee780000,0x00000000ee780000,0x00000000eef00000)
  to   space 6144K, 0% used [0x00000000eef00000,0x00000000eef00000,0x00000000ef500000)
 ParOldGen       total 36864K, used 8551K [0x00000000c0000000, 0x00000000c2400000, 0x00000000eab00000)
  object space 36864K, 23% used [0x00000000c0000000,0x00000000c0859db0,0x00000000c2400000)
 Metaspace       used 20847K, capacity 21200K, committed 21248K, reserved 1067008K
  class space    used 2903K, capacity 3038K, committed 3072K, reserved 1048576K
}

Deoptimization events (10 events):
Event: 8.870 Thread 0x00000000183f1000 Uncommon trap: reason=unstable_if action=reinterpret pc=0x0000000002f442f0 method=java.lang.AbstractStringBuilder.append(Ljava/lang/String;)Ljava/lang/AbstractStringBuilder; @ 1
Event: 9.113 Thread 0x00000000183f1000 Uncommon trap: reason=class_check action=maybe_recompile pc=0x0000000002ef547c method=sun.misc.URLClassPath.getLoader(I)Lsun/misc/URLClassPath$Loader; @ 94
Event: 9.113 Thread 0x00000000183f1000 Uncommon trap: reason=class_check action=maybe_recompile pc=0x0000000003360fc8 method=sun.misc.URLClassPath.getResource(Ljava/lang/String;Z)Lsun/misc/Resource; @ 62
Event: 9.159 Thread 0x00000000183f1000 Uncommon trap: reason=unstable_if action=reinterpret pc=0x0000000003283488 method=java.lang.ClassLoader.getClassLoadingLock(Ljava/lang/String;)Ljava/lang/Object; @ 6
Event: 9.202 Thread 0x00000000183f1000 Uncommon trap: reason=class_check action=maybe_recompile pc=0x0000000002ef561c method=sun.misc.URLClassPath.getLoader(I)Lsun/misc/URLClassPath$Loader; @ 239
Event: 9.224 Thread 0x00000000183f1000 Uncommon trap: reason=class_check action=maybe_recompile pc=0x0000000002ef561c method=sun.misc.URLClassPath.getLoader(I)Lsun/misc/URLClassPath$Loader; @ 239
Event: 9.573 Thread 0x00000000183f1000 Uncommon trap: reason=unstable_if action=reinterpret pc=0x000000000318c6e0 method=java.util.HashMap.hash(Ljava/lang/Object;)I @ 1
Event: 9.573 Thread 0x00000000183f1000 Uncommon trap: reason=unstable_if action=reinterpret pc=0x000000000305aca8 method=java.util.HashMap.hash(Ljava/lang/Object;)I @ 1
Event: 9.755 Thread 0x00000000183f1000 Uncommon trap: reason=unstable_if action=reinterpret pc=0x000000000312273c method=java.util.HashMap.getNode(ILjava/lang/Object;)Ljava/util/HashMap$Node; @ 53
Event: 9.755 Thread 0x00000000183f1000 Uncommon trap: reason=unstable_if action=reinterpret pc=0x0000000003173d24 method=java.util.HashMap.hash(Ljava/lang/Object;)I @ 1

Classes redefined (0 events):
No events

Internal exceptions (10 events):
Event: 9.357 Thread 0x00000000183f1000 Exception <a 'java/lang/ClassNotFoundException': org/gradle/api/internal/project/AbstractPluginAwareCustomizer> (0x00000000eb8bcf68) thrown at [D:\src\AOSP-openjdk-cygwin\jdk8u\hotspot\src\share\vm\classfile\systemDictionary.cpp, line 210]
Event: 9.360 Thread 0x00000000183f1000 Exception <a 'java/lang/ClassNotFoundException': org/gradle/initialization/DefaultSettingsCustomizer> (0x00000000eb8e8d50) thrown at [D:\src\AOSP-openjdk-cygwin\jdk8u\hotspot\src\share\vm\classfile\systemDictionary.cpp, line 210]
Event: 9.365 Thread 0x00000000183f1000 Exception <a 'java/lang/ClassNotFoundException': org/gradle/initialization/DefaultSettings_DecoratedCustomizer> (0x00000000eb944c60) thrown at [D:\src\AOSP-openjdk-cygwin\jdk8u\hotspot\src\share\vm\classfile\systemDictionary.cpp, line 210]
Event: 9.391 Thread 0x00000000183f1000 Exception <a 'java/lang/NoSuchMethodError': <clinit>> (0x00000000eb9f8e98) thrown at [D:\src\AOSP-openjdk-cygwin\jdk8u\hotspot\src\share\vm\prims\jni.cpp, line 1613]
Event: 9.395 Thread 0x00000000183f1000 Exception <a 'java/lang/NoSuchMethodError': <clinit>> (0x00000000eba1e720) thrown at [D:\src\AOSP-openjdk-cygwin\jdk8u\hotspot\src\share\vm\prims\jni.cpp, line 1613]
Event: 9.395 Thread 0x00000000183f1000 Exception <a 'java/lang/NoSuchMethodError': <clinit>> (0x00000000eba1fbd8) thrown at [D:\src\AOSP-openjdk-cygwin\jdk8u\hotspot\src\share\vm\prims\jni.cpp, line 1613]
Event: 9.396 Thread 0x00000000183f1000 Exception <a 'java/lang/NoSuchMethodError': <clinit>> (0x00000000eba21938) thrown at [D:\src\AOSP-openjdk-cygwin\jdk8u\hotspot\src\share\vm\prims\jni.cpp, line 1613]
Event: 9.573 Thread 0x00000000183f1000 Implicit null exception at 0x000000000318c4d5 to 0x000000000318c6d1
Event: 9.573 Thread 0x00000000183f1000 Implicit null exception at 0x000000000305ac2f to 0x000000000305ac99
Event: 9.755 Thread 0x00000000183f1000 Implicit null exception at 0x000000000317389b to 0x0000000003173d11

Events (10 events):
Event: 9.926 loading class org/gradle/model/internal/manage/schema/extract/PrimitiveTypes
Event: 9.926 loading class org/gradle/model/internal/manage/schema/extract/PrimitiveTypes done
Event: 9.928 loading class org/gradle/model/internal/manage/schema/extract/ScalarTypes
Event: 9.928 loading class org/gradle/model/internal/manage/schema/extract/ScalarTypes done
Event: 9.928 loading class org/gradle/model/Managed
Event: 9.928 loading class org/gradle/model/Managed done
Event: 9.929 loading class org/gradle/model/internal/manage/schema/extract/ModelSchemaUtils
Event: 9.929 loading class org/gradle/model/internal/manage/schema/extract/ModelSchemaUtils done
Event: 9.931 loading class com/google/common/collect/EmptyImmutableListMultimap
Event: 9.931 loading class com/google/common/collect/EmptyImmutableListMultimap done


Dynamic libraries:
0x00007ff7c0380000 - 0x00007ff7c03b1000 	C:\Program Files\Android\Android Studio\jre\bin\java.exe
0x00007ffae1d20000 - 0x00007ffae1ecd000 	C:\Windows\SYSTEM32\ntdll.dll
0x00007ffadfbe0000 - 0x00007ffadfd1a000 	C:\Windows\system32\KERNEL32.DLL
0x00007ffadf020000 - 0x00007ffadf135000 	C:\Windows\system32\KERNELBASE.dll
0x00007ffae1b30000 - 0x00007ffae1bda000 	C:\Windows\system32\ADVAPI32.dll
0x00007ffadf4a0000 - 0x00007ffadf611000 	C:\Windows\system32\USER32.dll
0x00007ffadcc40000 - 0x00007ffadcebb000 	C:\Windows\WinSxS\amd64_microsoft.windows.common-controls_6595b64144ccf1df_6.0.9600.18006_none_623f33d3ecbe86e8\COMCTL32.dll
0x00007ffae0140000 - 0x00007ffae01e7000 	C:\Windows\system32\msvcrt.dll
0x00007ffae1be0000 - 0x00007ffae1c39000 	C:\Windows\SYSTEM32\sechost.dll
0x00007ffadfa60000 - 0x00007ffadfba0000 	C:\Windows\system32\RPCRT4.dll
0x00007ffae1720000 - 0x00007ffae1865000 	C:\Windows\system32\GDI32.dll
0x00007ffadefa0000 - 0x00007ffadefce000 	C:\Windows\system32\SspiCli.dll
0x00007ffadfba0000 - 0x00007ffadfbd4000 	C:\Windows\system32\IMM32.DLL
0x00007ffadfd20000 - 0x00007ffadfe59000 	C:\Windows\system32\MSCTF.dll
0x000000005a6f0000 - 0x000000005a7c2000 	C:\Program Files\Android\Android Studio\jre\jre\bin\msvcr100.dll
0x000000005a7d0000 - 0x000000005b00f000 	C:\Program Files\Android\Android Studio\jre\jre\bin\server\jvm.dll
0x00007ffadd1e0000 - 0x00007ffadd1e9000 	C:\Windows\SYSTEM32\WSOCK32.dll
0x00007ffadc550000 - 0x00007ffadc56f000 	C:\Windows\SYSTEM32\WINMM.dll
0x00007ffadd120000 - 0x00007ffadd12a000 	C:\Windows\SYSTEM32\VERSION.dll
0x00007ffadf9a0000 - 0x00007ffadf9a7000 	C:\Windows\system32\PSAPI.DLL
0x00007ffae00e0000 - 0x00007ffae013a000 	C:\Windows\system32\WS2_32.dll
0x00007ffadc4d0000 - 0x00007ffadc4fa000 	C:\Windows\SYSTEM32\WINMMBASE.dll
0x00007ffae1c40000 - 0x00007ffae1c49000 	C:\Windows\system32\NSI.dll
0x00007ffadefd0000 - 0x00007ffadf01a000 	C:\Windows\SYSTEM32\cfgmgr32.dll
0x00007ffaddc20000 - 0x00007ffaddc46000 	C:\Windows\SYSTEM32\DEVOBJ.dll
0x00007ffadd1d0000 - 0x00007ffadd1df000 	C:\Program Files\Android\Android Studio\jre\jre\bin\verify.dll
0x00007ffadd1a0000 - 0x00007ffadd1c9000 	C:\Program Files\Android\Android Studio\jre\jre\bin\java.dll
0x00007ffadd180000 - 0x00007ffadd196000 	C:\Program Files\Android\Android Studio\jre\jre\bin\zip.dll
0x00007ffae01f0000 - 0x00007ffae1718000 	C:\Windows\system32\SHELL32.dll
0x00007ffae1910000 - 0x00007ffae1b21000 	C:\Windows\SYSTEM32\combase.dll
0x00007ffae0080000 - 0x00007ffae00d1000 	C:\Windows\system32\SHLWAPI.dll
0x00007ffadd4a0000 - 0x00007ffadd552000 	C:\Windows\SYSTEM32\SHCORE.dll
0x00007ffadeed0000 - 0x00007ffadeee4000 	C:\Windows\SYSTEM32\profapi.dll
0x00007ffadc6f0000 - 0x00007ffadc70a000 	C:\Program Files\Android\Android Studio\jre\jre\bin\net.dll
0x00007ffade800000 - 0x00007ffade859000 	C:\Windows\system32\mswsock.dll
0x00007ffadc6d0000 - 0x00007ffadc6e1000 	C:\Program Files\Android\Android Studio\jre\jre\bin\nio.dll
0x00007ffada4e0000 - 0x00007ffada4fe000 	C:\Users\laptop home\.gradle\native\25\windows-amd64\native-platform.dll
0x00007ffadd170000 - 0x00007ffadd17d000 	C:\Program Files\Android\Android Studio\jre\jre\bin\management.dll
0x00007ffade860000 - 0x00007ffade87e000 	C:\Windows\SYSTEM32\CRYPTSP.dll
0x00007ffade450000 - 0x00007ffade486000 	C:\Windows\system32\rsaenh.dll
0x00007ffadeaa0000 - 0x00007ffadeac6000 	C:\Windows\SYSTEM32\bcrypt.dll
0x00007ffade560000 - 0x00007ffade57e000 	C:\Windows\SYSTEM32\USERENV.dll
0x00007ffadeda0000 - 0x00007ffadee03000 	C:\Windows\system32\bcryptprimitives.dll
0x00007ffadee10000 - 0x00007ffadee1a000 	C:\Windows\SYSTEM32\CRYPTBASE.dll
0x00007ffad9830000 - 0x00007ffad985a000 	C:\Windows\SYSTEM32\IPHLPAPI.DLL
0x00007ffad9810000 - 0x00007ffad981a000 	C:\Windows\SYSTEM32\WINNSI.DLL
0x00007ffad9500000 - 0x00007ffad9514000 	C:\Windows\SYSTEM32\dhcpcsvc6.DLL
0x00007ffad95f0000 - 0x00007ffad9609000 	C:\Windows\SYSTEM32\dhcpcsvc.DLL

VM Arguments:
jvm_args: -Xmx1024m -Dfile.encoding=windows-1256 -Duser.country=US -Duser.language=en -Duser.variant -Xmx1024M 
java_command: org.gradle.launcher.daemon.bootstrap.GradleDaemon 4.4
java_class_path (initial): C:\Users\laptop home\.gradle\wrapper\dists\gradle-4.4-all\9br9xq1tocpiv8o6njlyu5op1\gradle-4.4\lib\gradle-launcher-4.4.jar
Launcher Type: SUN_STANDARD

Environment Variables:
JAVA_HOME=C:\Program Files\Java\jdk1.8.0_102
_JAVA_OPTIONS=-Xmx1024M
PATH=C:\Windows\system32;C:\Windows;C:\Windows\System32\Wbem;C:\Windows\System32\WindowsPowerShell\v1.0\;C:\Program Files\Microsoft\Web Platform Installer\;C:\Program Files (x86)\Microsoft ASP.NET\ASP.NET Web Pages\v1.0\;C:\Program Files\Microsoft SQL Server\110\Tools\Binn\;C:\Program Files (x86)\Microsoft SQL Server\110\Tools\Binn\;C:\Program Files\Microsoft SQL Server\110\DTS\Binn\;C:\Program Files (x86)\Microsoft SQL Server\110\Tools\Binn\ManagementStudio\;C:\Program Files (x86)\Microsoft Visual Studio 10.0\Common7\IDE\PrivateAssemblies\;C:\Program Files (x86)\Microsoft SQL Server\110\DTS\Binn\;C:\Program Files (x86)\Skype\Phone\
USERNAME=laptop home
OS=Windows_NT
PROCESSOR_IDENTIFIER=Intel64 Family 6 Model 37 Stepping 2, GenuineIntel



---------------  S Y S T E M  ---------------

OS: Windows 8.1 , 64 bit Build 9600 (6.3.9600.17056)

CPU:total 4 (initial active 4) (2 cores per cpu, 2 threads per core) family 6 model 37 stepping 2, cmov, cx8, fxsr, mmx, sse, sse2, sse3, ssse3, sse4.1, sse4.2, popcnt, aes, clmul, ht, tsc, tscinvbit

Memory: 4k page, physical 4048696k(1352052k free), swap 4373612k(6980k free)

vm_info: OpenJDK 64-Bit Server VM (25.152-b02) for windows-amd64 JRE (1.8.0_152-release-1024-b02), built by "builder" with MS VC++ 10.0 (VS2010)

time: Thu Sep 20 15:29:21 2018
elapsed time: 9 seconds (0d 0h 0m 9s)

