#
# There is insufficient memory for the Java Runtime Environment to continue.
# Native memory allocation (malloc) failed to allocate 1039856 bytes for Chunk::new
# Possible reasons:
#   The system is out of physical RAM or swap space
#   In 32 bit mode, the process size limit was hit
# Possible solutions:
#   Reduce memory load on the system
#   Increase physical memory or swap space
#   Check if swap backing store is full
#   Use 64 bit Java on a 64 bit OS
#   Decrease Java heap size (-Xmx/-Xms)
#   Decrease number of Java threads
#   Decrease Java thread stack sizes (-Xss)
#   Set larger code cache with -XX:ReservedCodeCacheSize=
# This output file may be truncated or incomplete.
#
#  Out of Memory Error (allocation.cpp:390), pid=2216, tid=0x0000000000000b50
#
# JRE version: OpenJDK Runtime Environment (8.0_152-b02) (build 1.8.0_152-release-1024-b02)
# Java VM: OpenJDK 64-Bit Server VM (25.152-b02 mixed mode windows-amd64 compressed oops)
# Failed to write core dump. Minidumps are not enabled by default on client versions of Windows
#

---------------  T H R E A D  ---------------

Current thread (0x000000001486c800):  JavaThread "C2 CompilerThread1" daemon [_thread_in_native, id=2896, stack(0x0000000015f90000,0x0000000016090000)]

Stack: [0x0000000015f90000,0x0000000016090000]
[error occurred during error reporting (printing stack bounds), id 0xc0000005]

Native frames: (J=compiled Java code, j=interpreted, Vv=VM code, C=native code)


Current CompileTask:
C2:   3935 1371       4       java.net.URLClassLoader$1::run (5 bytes)


---------------  P R O C E S S  ---------------

Java Threads: ( => current thread )
  0x0000000017ced000 JavaThread "File lock request listener" [_thread_in_native, id=2276, stack(0x0000000019230000,0x0000000019330000)]
  0x00000000174cb800 JavaThread "Cache worker for file hash cache (C:\Users\laptop home\.gradle\caches\4.4\fileHashes)" [_thread_blocked, id=3752, stack(0x0000000019130000,0x0000000019230000)]
  0x00000000174b4800 JavaThread "Stdin handler" [_thread_blocked, id=1984, stack(0x0000000018e30000,0x0000000018f30000)]
  0x00000000175d8800 JavaThread "Asynchronous log dispatcher for DefaultDaemonConnection: socket connection from /127.0.0.1:49788 to /127.0.0.1:49789" [_thread_blocked, id=4864, stack(0x0000000018d30000,0x0000000018e30000)]
  0x00000000175d7800 JavaThread "Daemon worker" [_thread_in_native, id=2728, stack(0x0000000018c30000,0x0000000018d30000)]
  0x00000000175d3800 JavaThread "Cancel handler" [_thread_blocked, id=4524, stack(0x0000000018b30000,0x0000000018c30000)]
  0x000000001791e800 JavaThread "Handler for socket connection from /127.0.0.1:49788 to /127.0.0.1:49789" [_thread_in_native, id=4056, stack(0x0000000018830000,0x0000000018930000)]
  0x00000000174a1000 JavaThread "Daemon" [_thread_blocked, id=3076, stack(0x0000000018730000,0x0000000018830000)]
  0x0000000017a23800 JavaThread "Daemon periodic checks" [_thread_blocked, id=3924, stack(0x0000000018630000,0x0000000018730000)]
  0x0000000017346000 JavaThread "Incoming local TCP Connector on port 49788" [_thread_in_native, id=2500, stack(0x0000000018440000,0x0000000018540000)]
  0x00000000160fa800 JavaThread "Service Thread" daemon [_thread_blocked, id=2680, stack(0x0000000016590000,0x0000000016690000)]
  0x00000000160b3000 JavaThread "C1 CompilerThread2" daemon [_thread_blocked, id=268, stack(0x0000000016490000,0x0000000016590000)]
=>0x000000001486c800 JavaThread "C2 CompilerThread1" daemon [_thread_in_native, id=2896, stack(0x0000000015f90000,0x0000000016090000)]
  0x0000000014867800 JavaThread "C2 CompilerThread0" daemon [_thread_in_native, id=3184, stack(0x0000000015e90000,0x0000000015f90000)]
  0x0000000014866800 JavaThread "Attach Listener" daemon [_thread_blocked, id=5000, stack(0x0000000015d90000,0x0000000015e90000)]
  0x00000000148b4800 JavaThread "Signal Dispatcher" daemon [_thread_blocked, id=884, stack(0x0000000015c90000,0x0000000015d90000)]
  0x00000000020ce000 JavaThread "Finalizer" daemon [_thread_blocked, id=4496, stack(0x0000000015ab0000,0x0000000015bb0000)]
  0x00000000020c1800 JavaThread "Reference Handler" daemon [_thread_blocked, id=1324, stack(0x00000000159b0000,0x0000000015ab0000)]
  0x0000000001fd3000 JavaThread "main" [_thread_blocked, id=4128, stack(0x0000000000780000,0x0000000000880000)]

Other Threads:
  0x0000000014825800 VMThread [stack: 0x00000000158b0000,0x00000000159b0000] [id=3140]
  0x00000000160fd000 WatcherThread [stack: 0x0000000016690000,0x0000000016790000] [id=2972]

VM state:not at safepoint (normal execution)

VM Mutex/Monitor currently owned by a thread: None

Heap:
 PSYoungGen      total 34304K, used 11805K [0x00000000eab00000, 0x00000000ef500000, 0x0000000100000000)
  eden space 31744K, 29% used [0x00000000eab00000,0x00000000eb40f6e0,0x00000000eca00000)
  from space 2560K, 98% used [0x00000000eca00000,0x00000000ecc78040,0x00000000ecc80000)
  to   space 6144K, 0% used [0x00000000eef00000,0x00000000eef00000,0x00000000ef500000)
 ParOldGen       total 42496K, used 6307K [0x00000000c0000000, 0x00000000c2980000, 0x00000000eab00000)
  object space 42496K, 14% used [0x00000000c0000000,0x00000000c0628c00,0x00000000c2980000)
 Metaspace       used 14812K, capacity 15158K, committed 15360K, reserved 1062912K
  class space    used 2068K, capacity 2187K, committed 2304K, reserved 1048576K

Card table byte_map: [0x0000000011550000,0x0000000011760000] byte_map_base: 0x0000000010f50000

Marking Bits: (ParMarkBitMap*) 0x000000005af94970
 Begin Bits: [0x0000000011cc0000, 0x0000000012cc0000)
 End Bits:   [0x0000000012cc0000, 0x0000000013cc0000)

Polling page: 0x0000000000650000

CodeCache: size=245760Kb used=5030Kb max_used=5030Kb free=240729Kb
 bounds [0x0000000002190000, 0x0000000002680000, 0x0000000011190000]
 total_blobs=1827 nmethods=1458 adapters=283
 compilation: enabled

Compilation events (10 events):
Event: 3.922 Thread 0x00000000160b3000 1456       1       com.google.common.collect.ImmutableMapEntry$TerminalEntry::getNextInKeyBucket (2 bytes)
Event: 3.922 Thread 0x00000000160b3000 nmethod 1456 0x00000000026794d0 code [0x0000000002679620, 0x0000000002679730]
Event: 3.923 Thread 0x00000000160b3000 1457       3       com.google.common.collect.ImmutableMap::checkNoConflict (50 bytes)
Event: 3.924 Thread 0x00000000160b3000 nmethod 1457 0x0000000002679790 code [0x0000000002679a20, 0x000000000267ab58]
Event: 3.924 Thread 0x00000000160b3000 1458       3       com.google.common.collect.RegularImmutableMap$NonTerminalMapEntry::<init> (11 bytes)
Event: 3.924 Thread 0x00000000160b3000 nmethod 1458 0x000000000267b390 code [0x000000000267b500, 0x000000000267b930]
Event: 3.925 Thread 0x00000000160b3000 1459       1       com.google.common.collect.RegularImmutableMap$NonTerminalMapEntry::getNextInKeyBucket (5 bytes)
Event: 3.925 Thread 0x00000000160b3000 nmethod 1459 0x000000000267bb10 code [0x000000000267bc60, 0x000000000267bd70]
Event: 3.926 Thread 0x00000000160b3000 1460       3       java.util.IdentityHashMap::maskNull (12 bytes)
Event: 3.926 Thread 0x00000000160b3000 nmethod 1460 0x000000000267bdd0 code [0x000000000267bf20, 0x000000000267c0b0]

GC Heap History (10 events):
Event: 0.959 GC heap before
{Heap before GC invocations=1 (full 0):
 PSYoungGen      total 18432K, used 15872K [0x00000000eab00000, 0x00000000ebf80000, 0x0000000100000000)
  eden space 15872K, 100% used [0x00000000eab00000,0x00000000eba80000,0x00000000eba80000)
  from space 2560K, 0% used [0x00000000ebd00000,0x00000000ebd00000,0x00000000ebf80000)
  to   space 2560K, 0% used [0x00000000eba80000,0x00000000eba80000,0x00000000ebd00000)
 ParOldGen       total 42496K, used 0K [0x00000000c0000000, 0x00000000c2980000, 0x00000000eab00000)
  object space 42496K, 0% used [0x00000000c0000000,0x00000000c0000000,0x00000000c2980000)
 Metaspace       used 5771K, capacity 5934K, committed 6144K, reserved 1056768K
  class space    used 700K, capacity 747K, committed 768K, reserved 1048576K
Event: 0.968 GC heap after
Heap after GC invocations=1 (full 0):
 PSYoungGen      total 18432K, used 2529K [0x00000000eab00000, 0x00000000ebf80000, 0x0000000100000000)
  eden space 15872K, 0% used [0x00000000eab00000,0x00000000eab00000,0x00000000eba80000)
  from space 2560K, 98% used [0x00000000eba80000,0x00000000ebcf84e0,0x00000000ebd00000)
  to   space 2560K, 0% used [0x00000000ebd00000,0x00000000ebd00000,0x00000000ebf80000)
 ParOldGen       total 42496K, used 184K [0x00000000c0000000, 0x00000000c2980000, 0x00000000eab00000)
  object space 42496K, 0% used [0x00000000c0000000,0x00000000c002e048,0x00000000c2980000)
 Metaspace       used 5771K, capacity 5934K, committed 6144K, reserved 1056768K
  class space    used 700K, capacity 747K, committed 768K, reserved 1048576K
}
Event: 1.627 GC heap before
{Heap before GC invocations=2 (full 0):
 PSYoungGen      total 18432K, used 18401K [0x00000000eab00000, 0x00000000ebf80000, 0x0000000100000000)
  eden space 15872K, 100% used [0x00000000eab00000,0x00000000eba80000,0x00000000eba80000)
  from space 2560K, 98% used [0x00000000eba80000,0x00000000ebcf84e0,0x00000000ebd00000)
  to   space 2560K, 0% used [0x00000000ebd00000,0x00000000ebd00000,0x00000000ebf80000)
 ParOldGen       total 42496K, used 184K [0x00000000c0000000, 0x00000000c2980000, 0x00000000eab00000)
  object space 42496K, 0% used [0x00000000c0000000,0x00000000c002e048,0x00000000c2980000)
 Metaspace       used 6650K, capacity 6830K, committed 7040K, reserved 1056768K
  class space    used 804K, capacity 875K, committed 896K, reserved 1048576K
Event: 1.637 GC heap after
Heap after GC invocations=2 (full 0):
 PSYoungGen      total 18432K, used 2537K [0x00000000eab00000, 0x00000000ecf00000, 0x0000000100000000)
  eden space 15872K, 0% used [0x00000000eab00000,0x00000000eab00000,0x00000000eba80000)
  from space 2560K, 99% used [0x00000000ebd00000,0x00000000ebf7a520,0x00000000ebf80000)
  to   space 2560K, 0% used [0x00000000eba80000,0x00000000eba80000,0x00000000ebd00000)
 ParOldGen       total 42496K, used 416K [0x00000000c0000000, 0x00000000c2980000, 0x00000000eab00000)
  object space 42496K, 0% used [0x00000000c0000000,0x00000000c0068108,0x00000000c2980000)
 Metaspace       used 6650K, capacity 6830K, committed 7040K, reserved 1056768K
  class space    used 804K, capacity 875K, committed 896K, reserved 1048576K
}
Event: 2.060 GC heap before
{Heap before GC invocations=3 (full 0):
 PSYoungGen      total 18432K, used 18409K [0x00000000eab00000, 0x00000000ecf00000, 0x0000000100000000)
  eden space 15872K, 100% used [0x00000000eab00000,0x00000000eba80000,0x00000000eba80000)
  from space 2560K, 99% used [0x00000000ebd00000,0x00000000ebf7a520,0x00000000ebf80000)
  to   space 2560K, 0% used [0x00000000eba80000,0x00000000eba80000,0x00000000ebd00000)
 ParOldGen       total 42496K, used 416K [0x00000000c0000000, 0x00000000c2980000, 0x00000000eab00000)
  object space 42496K, 0% used [0x00000000c0000000,0x00000000c0068108,0x00000000c2980000)
 Metaspace       used 6865K, capacity 7016K, committed 7168K, reserved 1056768K
  class space    used 848K, capacity 916K, committed 1024K, reserved 1048576K
Event: 2.069 GC heap after
Heap after GC invocations=3 (full 0):
 PSYoungGen      total 18432K, used 2546K [0x00000000eab00000, 0x00000000ecf00000, 0x0000000100000000)
  eden space 15872K, 0% used [0x00000000eab00000,0x00000000eab00000,0x00000000eba80000)
  from space 2560K, 99% used [0x00000000eba80000,0x00000000ebcfc838,0x00000000ebd00000)
  to   space 2560K, 0% used [0x00000000ecc80000,0x00000000ecc80000,0x00000000ecf00000)
 ParOldGen       total 42496K, used 632K [0x00000000c0000000, 0x00000000c2980000, 0x00000000eab00000)
  object space 42496K, 1% used [0x00000000c0000000,0x00000000c009e1e0,0x00000000c2980000)
 Metaspace       used 6865K, capacity 7016K, committed 7168K, reserved 1056768K
  class space    used 848K, capacity 916K, committed 1024K, reserved 1048576K
}
Event: 2.966 GC heap before
{Heap before GC invocations=4 (full 0):
 PSYoungGen      total 18432K, used 18418K [0x00000000eab00000, 0x00000000ecf00000, 0x0000000100000000)
  eden space 15872K, 100% used [0x00000000eab00000,0x00000000eba80000,0x00000000eba80000)
  from space 2560K, 99% used [0x00000000eba80000,0x00000000ebcfc838,0x00000000ebd00000)
  to   space 2560K, 0% used [0x00000000ecc80000,0x00000000ecc80000,0x00000000ecf00000)
 ParOldGen       total 42496K, used 632K [0x00000000c0000000, 0x00000000c2980000, 0x00000000eab00000)
  object space 42496K, 1% used [0x00000000c0000000,0x00000000c009e1e0,0x00000000c2980000)
 Metaspace       used 10525K, capacity 10792K, committed 11008K, reserved 1058816K
  class space    used 1375K, capacity 1486K, committed 1536K, reserved 1048576K
Event: 2.976 GC heap after
Heap after GC invocations=4 (full 0):
 PSYoungGen      total 34304K, used 2544K [0x00000000eab00000, 0x00000000ecf00000, 0x0000000100000000)
  eden space 31744K, 0% used [0x00000000eab00000,0x00000000eab00000,0x00000000eca00000)
  from space 2560K, 99% used [0x00000000ecc80000,0x00000000ecefc010,0x00000000ecf00000)
  to   space 2560K, 0% used [0x00000000eca00000,0x00000000eca00000,0x00000000ecc80000)
 ParOldGen       total 42496K, used 2662K [0x00000000c0000000, 0x00000000c2980000, 0x00000000eab00000)
  object space 42496K, 6% used [0x00000000c0000000,0x00000000c0299be8,0x00000000c2980000)
 Metaspace       used 10525K, capacity 10792K, committed 11008K, reserved 1058816K
  class space    used 1375K, capacity 1486K, committed 1536K, reserved 1048576K
}
Event: 3.687 GC heap before
{Heap before GC invocations=5 (full 0):
 PSYoungGen      total 34304K, used 34288K [0x00000000eab00000, 0x00000000ecf00000, 0x0000000100000000)
  eden space 31744K, 100% used [0x00000000eab00000,0x00000000eca00000,0x00000000eca00000)
  from space 2560K, 99% used [0x00000000ecc80000,0x00000000ecefc010,0x00000000ecf00000)
  to   space 2560K, 0% used [0x00000000eca00000,0x00000000eca00000,0x00000000ecc80000)
 ParOldGen       total 42496K, used 2662K [0x00000000c0000000, 0x00000000c2980000, 0x00000000eab00000)
  object space 42496K, 6% used [0x00000000c0000000,0x00000000c0299be8,0x00000000c2980000)
 Metaspace       used 13995K, capacity 14326K, committed 14464K, reserved 1060864K
  class space    used 1933K, capacity 2059K, committed 2176K, reserved 1048576K
Event: 3.702 GC heap after
Heap after GC invocations=5 (full 0):
 PSYoungGen      total 34304K, used 2528K [0x00000000eab00000, 0x00000000ef500000, 0x0000000100000000)
  eden space 31744K, 0% used [0x00000000eab00000,0x00000000eab00000,0x00000000eca00000)
  from space 2560K, 98% used [0x00000000eca00000,0x00000000ecc78040,0x00000000ecc80000)
  to   space 6144K, 0% used [0x00000000eef00000,0x00000000eef00000,0x00000000ef500000)
 ParOldGen       total 42496K, used 6307K [0x00000000c0000000, 0x00000000c2980000, 0x00000000eab00000)
  object space 42496K, 14% used [0x00000000c0000000,0x00000000c0628c00,0x00000000c2980000)
 Metaspace       used 13995K, capacity 14326K, committed 14464K, reserved 1060864K
  class space    used 1933K, capacity 2059K, committed 2176K, reserved 1048576K
}

Deoptimization events (10 events):
Event: 2.541 Thread 0x0000000001fd3000 Uncommon trap: reason=bimorphic action=maybe_recompile pc=0x00000000024dd450 method=java.util.HashMap.putVal(ILjava/lang/Object;Ljava/lang/Object;ZZ)Ljava/lang/Object; @ 203
Event: 2.716 Thread 0x0000000001fd3000 Uncommon trap: reason=unstable_if action=reinterpret pc=0x0000000002484640 method=java.io.WinNTFileSystem.normalize(Ljava/lang/String;)Ljava/lang/String; @ 128
Event: 2.716 Thread 0x0000000001fd3000 Uncommon trap: reason=unstable_if action=reinterpret pc=0x00000000024c0578 method=java.io.WinNTFileSystem.normalize(Ljava/lang/String;II)Ljava/lang/String; @ 90
Event: 3.023 Thread 0x0000000017346000 Uncommon trap: reason=unstable_if action=reinterpret pc=0x0000000002554efc method=java.util.concurrent.ConcurrentHashMap.addCount(JI)V @ 34
Event: 3.261 Thread 0x00000000175d7800 Uncommon trap: reason=bimorphic action=maybe_recompile pc=0x00000000024dcee0 method=java.util.HashMap.putVal(ILjava/lang/Object;Ljava/lang/Object;ZZ)Ljava/lang/Object; @ 253
Event: 3.261 Thread 0x00000000175d7800 Uncommon trap: reason=bimorphic action=maybe_recompile pc=0x00000000024dcee0 method=java.util.HashMap.putVal(ILjava/lang/Object;Ljava/lang/Object;ZZ)Ljava/lang/Object; @ 253
Event: 3.261 Thread 0x00000000175d7800 Uncommon trap: reason=bimorphic action=maybe_recompile pc=0x00000000024d750c method=java.util.HashMap.putVal(ILjava/lang/Object;Ljava/lang/Object;ZZ)Ljava/lang/Object; @ 253
Event: 3.285 Thread 0x00000000175d7800 Uncommon trap: reason=class_check action=maybe_recompile pc=0x000000000241f590 method=java.util.regex.Matcher.match(II)Z @ 86
Event: 3.714 Thread 0x00000000175d7800 Uncommon trap: reason=class_check action=maybe_recompile pc=0x000000000241f590 method=java.util.regex.Matcher.match(II)Z @ 86
Event: 3.824 Thread 0x00000000175d7800 Uncommon trap: reason=unstable_if action=reinterpret pc=0x0000000002619d34 method=java.lang.String.lastIndexOf([CII[CIII)I @ 66

Classes redefined (0 events):
No events

Internal exceptions (10 events):
Event: 3.159 Thread 0x000000001791e800 Exception <a 'java/lang/NoSuchMethodError': <clinit>> (0x00000000eaf9e018) thrown at [D:\src\AOSP-openjdk-cygwin\jdk8u\hotspot\src\share\vm\prims\jni.cpp, line 1613]
Event: 3.160 Thread 0x000000001791e800 Exception <a 'java/lang/NoSuchMethodError': <clinit>> (0x00000000eafa6ae0) thrown at [D:\src\AOSP-openjdk-cygwin\jdk8u\hotspot\src\share\vm\prims\jni.cpp, line 1613]
Event: 3.162 Thread 0x000000001791e800 Exception <a 'java/lang/NoSuchMethodError': <clinit>> (0x00000000eafb8200) thrown at [D:\src\AOSP-openjdk-cygwin\jdk8u\hotspot\src\share\vm\prims\jni.cpp, line 1613]
Event: 3.179 Thread 0x000000001791e800 Exception <a 'java/lang/NoSuchMethodError': <clinit>> (0x00000000eb01dd20) thrown at [D:\src\AOSP-openjdk-cygwin\jdk8u\hotspot\src\share\vm\prims\jni.cpp, line 1613]
Event: 3.191 Thread 0x000000001791e800 Exception <a 'java/lang/NoSuchMethodError': <clinit>> (0x00000000eb041450) thrown at [D:\src\AOSP-openjdk-cygwin\jdk8u\hotspot\src\share\vm\prims\jni.cpp, line 1613]
Event: 3.206 Thread 0x000000001791e800 Exception <a 'java/lang/NoSuchMethodError': <clinit>> (0x00000000eb06b588) thrown at [D:\src\AOSP-openjdk-cygwin\jdk8u\hotspot\src\share\vm\prims\jni.cpp, line 1613]
Event: 3.209 Thread 0x000000001791e800 Exception <a 'java/lang/NoSuchMethodError': <clinit>> (0x00000000eb0791c8) thrown at [D:\src\AOSP-openjdk-cygwin\jdk8u\hotspot\src\share\vm\prims\jni.cpp, line 1613]
Event: 3.214 Thread 0x000000001791e800 Exception <a 'java/lang/NoSuchMethodError': <clinit>> (0x00000000eb09bfa0) thrown at [D:\src\AOSP-openjdk-cygwin\jdk8u\hotspot\src\share\vm\prims\jni.cpp, line 1613]
Event: 3.241 Thread 0x00000000175d7800 Exception <a 'java/lang/NoSuchMethodError': <clinit>> (0x00000000eb1b2630) thrown at [D:\src\AOSP-openjdk-cygwin\jdk8u\hotspot\src\share\vm\prims\jni.cpp, line 1613]
Event: 3.242 Thread 0x00000000175d7800 Exception <a 'java/lang/NoSuchMethodError': <clinit>> (0x00000000eb1ba8b8) thrown at [D:\src\AOSP-openjdk-cygwin\jdk8u\hotspot\src\share\vm\prims\jni.cpp, line 1613]

Events (10 events):
Event: 3.926 loading class org/gradle/initialization/layout/BuildLayoutConfiguration
Event: 3.926 loading class org/gradle/initialization/layout/BuildLayoutConfiguration done
Event: 3.929 loading class org/gradle/initialization/layout/BuildLayout
Event: 3.929 loading class org/gradle/initialization/layout/BuildLayout done
Event: 3.931 loading class org/gradle/initialization/SettingsLocation
Event: 3.931 loading class org/gradle/initialization/SettingsLocation done
Event: 3.932 loading class org/gradle/groovy/scripts/ScriptSource
Event: 3.932 loading class org/gradle/groovy/scripts/ScriptSource done
Event: 3.932 loading class org/gradle/internal/resource/BasicTextResourceLoader
Event: 3.932 loading class org/gradle/internal/resource/BasicTextResourceLoader done


Dynamic libraries:
0x00007ff673bc0000 - 0x00007ff673bf1000 	C:\Program Files\Android\Android Studio\jre\bin\java.exe
0x00007ffae1d20000 - 0x00007ffae1ecd000 	C:\Windows\SYSTEM32\ntdll.dll
0x00007ffadfbe0000 - 0x00007ffadfd1a000 	C:\Windows\system32\KERNEL32.DLL
0x00007ffadf020000 - 0x00007ffadf135000 	C:\Windows\system32\KERNELBASE.dll
0x00007ffae1b30000 - 0x00007ffae1bda000 	C:\Windows\system32\ADVAPI32.dll
0x00007ffadf4a0000 - 0x00007ffadf611000 	C:\Windows\system32\USER32.dll
0x00007ffadcc40000 - 0x00007ffadcebb000 	C:\Windows\WinSxS\amd64_microsoft.windows.common-controls_6595b64144ccf1df_6.0.9600.18006_none_623f33d3ecbe86e8\COMCTL32.dll
0x00007ffae0140000 - 0x00007ffae01e7000 	C:\Windows\system32\msvcrt.dll
0x00007ffae1be0000 - 0x00007ffae1c39000 	C:\Windows\SYSTEM32\sechost.dll
0x00007ffadfa60000 - 0x00007ffadfba0000 	C:\Windows\system32\RPCRT4.dll
0x00007ffae1720000 - 0x00007ffae1865000 	C:\Windows\system32\GDI32.dll
0x00007ffadefa0000 - 0x00007ffadefce000 	C:\Windows\system32\SspiCli.dll
0x00007ffadfba0000 - 0x00007ffadfbd4000 	C:\Windows\system32\IMM32.DLL
0x00007ffadfd20000 - 0x00007ffadfe59000 	C:\Windows\system32\MSCTF.dll
0x000000005a6f0000 - 0x000000005a7c2000 	C:\Program Files\Android\Android Studio\jre\jre\bin\msvcr100.dll
0x000000005a7d0000 - 0x000000005b00f000 	C:\Program Files\Android\Android Studio\jre\jre\bin\server\jvm.dll
0x00007ffac52a0000 - 0x00007ffac52a9000 	C:\Windows\SYSTEM32\WSOCK32.dll
0x00007ffadc550000 - 0x00007ffadc56f000 	C:\Windows\SYSTEM32\WINMM.dll
0x00007ffadd120000 - 0x00007ffadd12a000 	C:\Windows\SYSTEM32\VERSION.dll
0x00007ffadf9a0000 - 0x00007ffadf9a7000 	C:\Windows\system32\PSAPI.DLL
0x00007ffae00e0000 - 0x00007ffae013a000 	C:\Windows\system32\WS2_32.dll
0x00007ffadc4d0000 - 0x00007ffadc4fa000 	C:\Windows\SYSTEM32\WINMMBASE.dll
0x00007ffae1c40000 - 0x00007ffae1c49000 	C:\Windows\system32\NSI.dll
0x00007ffadefd0000 - 0x00007ffadf01a000 	C:\Windows\SYSTEM32\cfgmgr32.dll
0x00007ffaddc20000 - 0x00007ffaddc46000 	C:\Windows\SYSTEM32\DEVOBJ.dll
0x00007ffac4c00000 - 0x00007ffac4c0f000 	C:\Program Files\Android\Android Studio\jre\jre\bin\verify.dll
0x00007ffac1210000 - 0x00007ffac1239000 	C:\Program Files\Android\Android Studio\jre\jre\bin\java.dll
0x00007ffac1f40000 - 0x00007ffac1f56000 	C:\Program Files\Android\Android Studio\jre\jre\bin\zip.dll
0x00007ffae01f0000 - 0x00007ffae1718000 	C:\Windows\system32\SHELL32.dll
0x00007ffae1910000 - 0x00007ffae1b21000 	C:\Windows\SYSTEM32\combase.dll
0x00007ffae0080000 - 0x00007ffae00d1000 	C:\Windows\system32\SHLWAPI.dll
0x00007ffadd4a0000 - 0x00007ffadd552000 	C:\Windows\SYSTEM32\SHCORE.dll
0x00007ffadeed0000 - 0x00007ffadeee4000 	C:\Windows\SYSTEM32\profapi.dll
0x00007ffac11f0000 - 0x00007ffac120a000 	C:\Program Files\Android\Android Studio\jre\jre\bin\net.dll
0x00007ffade800000 - 0x00007ffade859000 	C:\Windows\system32\mswsock.dll
0x00007ffac11d0000 - 0x00007ffac11e1000 	C:\Program Files\Android\Android Studio\jre\jre\bin\nio.dll
0x00007ffacd6c0000 - 0x00007ffacd6de000 	C:\Users\laptop home\.gradle\native\25\windows-amd64\native-platform.dll
0x00007ffac4bf0000 - 0x00007ffac4bfd000 	C:\Program Files\Android\Android Studio\jre\jre\bin\management.dll
0x00007ffade860000 - 0x00007ffade87e000 	C:\Windows\SYSTEM32\CRYPTSP.dll
0x00007ffade450000 - 0x00007ffade486000 	C:\Windows\system32\rsaenh.dll
0x00007ffadeaa0000 - 0x00007ffadeac6000 	C:\Windows\SYSTEM32\bcrypt.dll
0x00007ffade560000 - 0x00007ffade57e000 	C:\Windows\SYSTEM32\USERENV.dll
0x00007ffadeda0000 - 0x00007ffadee03000 	C:\Windows\system32\bcryptprimitives.dll
0x00007ffadee10000 - 0x00007ffadee1a000 	C:\Windows\SYSTEM32\CRYPTBASE.dll
0x00007ffad9830000 - 0x00007ffad985a000 	C:\Windows\SYSTEM32\IPHLPAPI.DLL
0x00007ffad9810000 - 0x00007ffad981a000 	C:\Windows\SYSTEM32\WINNSI.DLL
0x00007ffad9500000 - 0x00007ffad9514000 	C:\Windows\SYSTEM32\dhcpcsvc6.DLL
0x00007ffad95f0000 - 0x00007ffad9609000 	C:\Windows\SYSTEM32\dhcpcsvc.DLL

VM Arguments:
jvm_args: -Xmx1536m -Dfile.encoding=windows-1256 -Duser.country=US -Duser.language=en -Duser.variant -Xmx1024M 
java_command: org.gradle.launcher.daemon.bootstrap.GradleDaemon 4.4
java_class_path (initial): C:\Users\laptop home\.gradle\wrapper\dists\gradle-4.4-all\9br9xq1tocpiv8o6njlyu5op1\gradle-4.4\lib\gradle-launcher-4.4.jar
Launcher Type: SUN_STANDARD

Environment Variables:
JAVA_HOME=C:\Program Files\Java\jdk1.8.0_102
_JAVA_OPTIONS=-Xmx1024M
PATH=C:\Windows\system32;C:\Windows;C:\Windows\System32\Wbem;C:\Windows\System32\WindowsPowerShell\v1.0\;C:\Program Files\Microsoft\Web Platform Installer\;C:\Program Files (x86)\Microsoft ASP.NET\ASP.NET Web Pages\v1.0\;C:\Program Files\Microsoft SQL Server\110\Tools\Binn\;C:\Program Files (x86)\Microsoft SQL Server\110\Tools\Binn\;C:\Program Files\Microsoft SQL Server\110\DTS\Binn\;C:\Program Files (x86)\Microsoft SQL Server\110\Tools\Binn\ManagementStudio\;C:\Program Files (x86)\Microsoft Visual Studio 10.0\Common7\IDE\PrivateAssemblies\;C:\Program Files (x86)\Microsoft SQL Server\110\DTS\Binn\;C:\Program Files (x86)\Skype\Phone\
USERNAME=laptop home
OS=Windows_NT
PROCESSOR_IDENTIFIER=Intel64 Family 6 Model 37 Stepping 2, GenuineIntel



---------------  S Y S T E M  ---------------

OS: Windows 8.1 , 64 bit Build 9600 (6.3.9600.17056)

CPU:total 4 (initial active 4) (2 cores per cpu, 2 threads per core) family 6 model 37 stepping 2, cmov, cx8, fxsr, mmx, sse, sse2, sse3, ssse3, sse4.1, sse4.2, popcnt, aes, clmul, ht, tsc, tscinvbit

Memory: 4k page, physical 4048696k(712124k free), swap 4211152k(5252k free)

vm_info: OpenJDK 64-Bit Server VM (25.152-b02) for windows-amd64 JRE (1.8.0_152-release-1024-b02), built by "builder" with MS VC++ 10.0 (VS2010)

time: Thu Sep 20 03:59:15 2018
elapsed time: 3 seconds (0d 0h 0m 3s)

